(sqlite3.OperationalError) no such table: listings
[SQL: SELECT listings.id AS listings_id, listings.airport_icao AS listings_airport_icao, listings.size_sqft AS listings_size_sqft, listings.covered AS listings_covered, listings.price_month AS listings_price_month, listings.description AS listings_description, listings.photos AS listings_photos, listings.owner_id AS listings_owner_id, listings.status AS listings_status, listings.created_at AS listings_created_at, listings.updated_at AS listings_updated_at, listings.is_featured AS listings_is_featured, listings.featured_expires_at AS listings_featured_expires_at, listings.featured_tier AS listings_featured_tier, listings.insurance_active AS listings_insurance_active, listings.condition_verified AS listings_condition_verified, listings.likes AS listings_likes, listings.video_url AS listings_video_url, listings.virtual_tour_url AS listings_virtual_tour_url, listings.health_score AS listings_health_score, listings.checklist_completed AS listings_checklist_completed, listings.availability_start AS listings_availability_start, listings.availability_end AS listings_availability_end, listings.is_premium_listing AS listings_is_premium_listing, listings.lat AS listings_lat, listings.lon AS listings_lon, listings.is_reported AS listings_is_reported, listings.report_count AS listings_report_count, listings.report_reason AS listings_report_reason 
FROM listings 
WHERE listings.status = ?]
[parameters: ('Active',)]
(Background on this error at: https://sqlalche.me/e/20/e3q8)
Traceback (most recent call last):
  File "C:\Users\felip\AppData\Roaming\Python\Python314\site-packages\sqlalchemy\engine\base.py", line 1967, in _exec_single_context
    self.dialect.do_execute(
    ~~~~~~~~~~~~~~~~~~~~~~~^
        cursor, str_statement, effective_parameters, context
        ^^^^^^^^^^^^^^^^^^^^^^^^^^^^^^^^^^^^^^^^^^^^^^^^^^^^
    )
    ^
  File "C:\Users\felip\AppData\Roaming\Python\Python314\site-packages\sqlalchemy\engine\default.py", line 952, in do_execute
    cursor.execute(statement, parameters)
    ~~~~~~~~~~~~~~^^^^^^^^^^^^^^^^^^^^^^^
sqlite3.OperationalError: no such table: listings

The above exception was the direct cause of the following exception:

Traceback (most recent call last):
  File "D:\HangarLink-MVP-2025\routes.py", line 104, in index
    map_listings = Listing.query.filter_by(status='Active').all()
  File "C:\Users\felip\AppData\Roaming\Python\Python314\site-packages\sqlalchemy\orm\query.py", line 2704, in all
    return self._iter().all()  # type: ignore
           ~~~~~~~~~~^^
  File "C:\Users\felip\AppData\Roaming\Python\Python314\site-packages\sqlalchemy\orm\query.py", line 2857, in _iter
    result: Union[ScalarResult[_T], Result[_T]] = self.session.execute(
                                                  ~~~~~~~~~~~~~~~~~~~~^
        statement,
        ^^^^^^^^^^
        params,
        ^^^^^^^
        execution_options={"_sa_orm_load_options": self.load_options},
        ^^^^^^^^^^^^^^^^^^^^^^^^^^^^^^^^^^^^^^^^^^^^^^^^^^^^^^^^^^^^^^
    )
    ^
  File "C:\Users\felip\AppData\Roaming\Python\Python314\site-packages\sqlalchemy\orm\session.py", line 2351, in execute
    return self._execute_internal(
           ~~~~~~~~~~~~~~~~~~~~~~^
        statement,
        ^^^^^^^^^^
    ...<4 lines>...
        _add_event=_add_event,
        ^^^^^^^^^^^^^^^^^^^^^^
    )
    ^
  File "C:\Users\felip\AppData\Roaming\Python\Python314\site-packages\sqlalchemy\orm\session.py", line 2249, in _execute_internal
    result: Result[Any] = compile_state_cls.orm_execute_statement(
                          ~~~~~~~~~~~~~~~~~~~~~~~~~~~~~~~~~~~~~~~^
        self,
        ^^^^^
    ...<4 lines>...
        conn,
        ^^^^^
    )
    ^
  File "C:\Users\felip\AppData\Roaming\Python\Python314\site-packages\sqlalchemy\orm\context.py", line 306, in orm_execute_statement
    result = conn.execute(
        statement, params or {}, execution_options=execution_options
    )
  File "C:\Users\felip\AppData\Roaming\Python\Python314\site-packages\sqlalchemy\engine\base.py", line 1419, in execute
    return meth(
        self,
        distilled_parameters,
        execution_options or NO_OPTIONS,
    )
  File "C:\Users\felip\AppData\Roaming\Python\Python314\site-packages\sqlalchemy\sql\elements.py", line 527, in _execute_on_connection
    return connection._execute_clauseelement(
           ~~~~~~~~~~~~~~~~~~~~~~~~~~~~~~~~~^
        self, distilled_params, execution_options
        ^^^^^^^^^^^^^^^^^^^^^^^^^^^^^^^^^^^^^^^^^
    )
    ^
  File "C:\Users\felip\AppData\Roaming\Python\Python314\site-packages\sqlalchemy\engine\base.py", line 1641, in _execute_clauseelement
    ret = self._execute_context(
        dialect,
    ...<8 lines>...
        cache_hit=cache_hit,
    )
  File "C:\Users\felip\AppData\Roaming\Python\Python314\site-packages\sqlalchemy\engine\base.py", line 1846, in _execute_context
    return self._exec_single_context(
           ~~~~~~~~~~~~~~~~~~~~~~~~~^
        dialect, context, statement, parameters
        ^^^^^^^^^^^^^^^^^^^^^^^^^^^^^^^^^^^^^^^
    )
    ^
  File "C:\Users\felip\AppData\Roaming\Python\Python314\site-packages\sqlalchemy\engine\base.py", line 1986, in _exec_single_context
    self._handle_dbapi_exception(
    ~~~~~~~~~~~~~~~~~~~~~~~~~~~~^
        e, str_statement, effective_parameters, cursor, context
        ^^^^^^^^^^^^^^^^^^^^^^^^^^^^^^^^^^^^^^^^^^^^^^^^^^^^^^^
    )
    ^
  File "C:\Users\felip\AppData\Roaming\Python\Python314\site-packages\sqlalchemy\engine\base.py", line 2363, in _handle_dbapi_exception
    raise sqlalchemy_exception.with_traceback(exc_info[2]) from e
  File "C:\Users\felip\AppData\Roaming\Python\Python314\site-packages\sqlalchemy\engine\base.py", line 1967, in _exec_single_context
    self.dialect.do_execute(
    ~~~~~~~~~~~~~~~~~~~~~~~^
        cursor, str_statement, effective_parameters, context
        ^^^^^^^^^^^^^^^^^^^^^^^^^^^^^^^^^^^^^^^^^^^^^^^^^^^^
    )
    ^
  File "C:\Users\felip\AppData\Roaming\Python\Python314\site-packages\sqlalchemy\engine\default.py", line 952, in do_execute
    cursor.execute(statement, parameters)
    ~~~~~~~~~~~~~~^^^^^^^^^^^^^^^^^^^^^^^
sqlalchemy.exc.OperationalError: (sqlite3.OperationalError) no such table: listings
[SQL: SELECT listings.id AS listings_id, listings.airport_icao AS listings_airport_icao, listings.size_sqft AS listings_size_sqft, listings.covered AS listings_covered, listings.price_month AS listings_price_month, listings.description AS listings_description, listings.photos AS listings_photos, listings.owner_id AS listings_owner_id, listings.status AS listings_status, listings.created_at AS listings_created_at, listings.updated_at AS listings_updated_at, listings.is_featured AS listings_is_featured, listings.featured_expires_at AS listings_featured_expires_at, listings.featured_tier AS listings_featured_tier, listings.insurance_active AS listings_insurance_active, listings.condition_verified AS listings_condition_verified, listings.likes AS listings_likes, listings.video_url AS listings_video_url, listings.virtual_tour_url AS listings_virtual_tour_url, listings.health_score AS listings_health_score, listings.checklist_completed AS listings_checklist_completed, listings.availability_start AS listings_availability_start, listings.availability_end AS listings_availability_end, listings.is_premium_listing AS listings_is_premium_listing, listings.lat AS listings_lat, listings.lon AS listings_lon, listings.is_reported AS listings_is_reported, listings.report_count AS listings_report_count, listings.report_reason AS listings_report_reason 
FROM listings 
WHERE listings.status = ?]
[parameters: ('Active',)]
(Background on this error at: https://sqlalche.me/e/20/e3q8)
